<?xml version="1.0" encoding="UTF-8"?>
<!-- Generated by org.testng.reporters.JUnitReportReporter -->
<testsuite hostname="COK-A-00142" failures="0" tests="2" name="com.qa.opencart.tests.LoginPageTest" time="1.590" errors="0" timestamp="2023-07-28T15:05:37 IST" skipped="0">
  <testcase classname="com.qa.opencart.tests.LoginPageTest" name="loginPageTitleTest" time="0.588"/>
  <system-out/>
  <testcase classname="com.qa.opencart.tests.LoginPageTest" name="doLogin" time="1.002"/>
  <system-out/>
</testsuite> <!-- com.qa.opencart.tests.LoginPageTest -->
